<?xml version="1.0" encoding="UTF-8"?>
<testExecutions version="1">
  <file path="/Users/Joao/Programs/angular-test/src/app/form/pages/form/form.component.spec.ts">
    <testCase name="FormComponent should create" duration="280">
      <failure message="Error: StaticInjectorError(DynamicTestModule)[FormComponent -&gt; FormService]: "><![CDATA[Error: StaticInjectorError(DynamicTestModule)[FormComponent -> FormService]: 
  StaticInjectorError(Platform: core)[FormComponent -> FormService]: 
    NullInjectorError: No provider for FormService!
    at _NullInjector.Object.<anonymous>._NullInjector.get (/Users/Joao/Programs/angular-test/node_modules/packages/core/esm5/src/di/injector.js:39:6)
    at resolveToken (/Users/Joao/Programs/angular-test/node_modules/@angular/core/bundles/core.umd.js:1339:24)
    at tryResolveToken (/Users/Joao/Programs/angular-test/node_modules/packages/core/esm5/src/di/injector.js:350:14)
    at StaticInjector.Object.<anonymous>.StaticInjector.get (/Users/Joao/Programs/angular-test/node_modules/packages/core/esm5/src/di/injector.js:185:17)
    at resolveToken (/Users/Joao/Programs/angular-test/node_modules/@angular/core/bundles/core.umd.js:1339:24)
    at tryResolveToken (/Users/Joao/Programs/angular-test/node_modules/packages/core/esm5/src/di/injector.js:350:14)
    at StaticInjector.Object.<anonymous>.StaticInjector.get (/Users/Joao/Programs/angular-test/node_modules/packages/core/esm5/src/di/injector.js:185:17)
    at resolveNgModuleDep (/Users/Joao/Programs/angular-test/node_modules/@angular/core/bundles/core.umd.js:10934:25)
    at NgModuleRef_.Object.<anonymous>.NgModuleRef_.get (/Users/Joao/Programs/angular-test/node_modules/@angular/core/bundles/core.umd.js:12167:16)
    at resolveDep (/Users/Joao/Programs/angular-test/node_modules/@angular/core/bundles/core.umd.js:12657:45)
    at createClass (/Users/Joao/Programs/angular-test/node_modules/packages/core/esm5/src/view/provider.js:326:60)
    at createDirectiveInstance (/Users/Joao/Programs/angular-test/node_modules/packages/core/esm5/src/view/provider.js:169:37)
    at createViewNodes (/Users/Joao/Programs/angular-test/node_modules/packages/core/esm5/src/view/view.js:331:49)
    at createRootView (/Users/Joao/Programs/angular-test/node_modules/@angular/core/bundles/core.umd.js:13711:5)
    at callWithDebugContext (/Users/Joao/Programs/angular-test/node_modules/packages/core/esm5/src/view/services.js:864:6)
    at Object.debugCreateRootView [as createRootView] (/Users/Joao/Programs/angular-test/node_modules/@angular/core/bundles/core.umd.js:14419:12)
    at ComponentFactory_.Object.<anonymous>.ComponentFactory_.create (/Users/Joao/Programs/angular-test/node_modules/packages/core/esm5/src/view/refs.js:121:44)
    at initComponent (/Users/Joao/Programs/angular-test/node_modules/packages/core/esm5/testing/src/test_bed.js:569:24)
    at ZoneDelegate.Object.<anonymous>.ZoneDelegate.invoke (/Users/Joao/Programs/angular-test/node_modules/zone.js/dist/zone.js:388:26)
    at ProxyZoneSpec.Object.<anonymous>.ProxyZoneSpec.onInvoke (/Users/Joao/Programs/angular-test/node_modules/zone.js/dist/proxy.js:128:39)
    at ZoneDelegate.Object.<anonymous>.ZoneDelegate.invoke (/Users/Joao/Programs/angular-test/node_modules/zone.js/dist/zone.js:387:32)
    at Object.onInvoke (/Users/Joao/Programs/angular-test/node_modules/packages/core/esm5/src/zone/ng_zone.js:594:10)
    at ZoneDelegate.Object.<anonymous>.ZoneDelegate.invoke (/Users/Joao/Programs/angular-test/node_modules/zone.js/dist/zone.js:387:32)
    at Zone.Object.<anonymous>.Zone.run (/Users/Joao/Programs/angular-test/node_modules/zone.js/dist/zone.js:138:43)
    at NgZone.Object.<anonymous>.NgZone.run (/Users/Joao/Programs/angular-test/node_modules/@angular/core/bundles/core.umd.js:4615:69)
    at TestBed.Object.<anonymous>.TestBed.createComponent (/Users/Joao/Programs/angular-test/node_modules/packages/core/esm5/testing/src/test_bed.js:572:6)
    at Function.Object.<anonymous>.TestBed.createComponent (/Users/Joao/Programs/angular-test/node_modules/@angular/core/bundles/core-testing.umd.js:871:29)
    at /Users/Joao/Programs/angular-test/src/app/form/pages/form/form.component.spec.ts:21:23
    at ZoneDelegate.Object.<anonymous>.ZoneDelegate.invoke (/Users/Joao/Programs/angular-test/node_modules/zone.js/dist/zone.js:388:26)
    at ProxyZoneSpec.Object.<anonymous>.ProxyZoneSpec.onInvoke (/Users/Joao/Programs/angular-test/node_modules/zone.js/dist/proxy.js:128:39)
    at ZoneDelegate.Object.<anonymous>.ZoneDelegate.invoke (/Users/Joao/Programs/angular-test/node_modules/zone.js/dist/zone.js:387:32)
    at Zone.Object.<anonymous>.Zone.run (/Users/Joao/Programs/angular-test/node_modules/zone.js/dist/zone.js:138:43)
    at Object.testBody.length (/Users/Joao/Programs/angular-test/node_modules/jest-zone-patch/index.js:50:27)
    at Object.asyncFn (/Users/Joao/Programs/angular-test/node_modules/jest-jasmine2/build/jasmine_async.js:51:37)
    at e (/Users/Joao/Programs/angular-test/node_modules/jest-jasmine2/build/queue_runner.js:52:12)
    at mapper (/Users/Joao/Programs/angular-test/node_modules/jest-jasmine2/build/queue_runner.js:39:19)
    at promise.then (/Users/Joao/Programs/angular-test/node_modules/jest-jasmine2/build/queue_runner.js:73:82)]]></failure>
      <failure message="Error: expect(received).toBeTruthy()"><![CDATA[Error: expect(received).toBeTruthy()

Expected value to be truthy, instead received
  undefined
    at /Users/Joao/Programs/angular-test/src/app/form/pages/form/form.component.spec.ts:27:23
    at ZoneDelegate.Object.<anonymous>.ZoneDelegate.invoke (/Users/Joao/Programs/angular-test/node_modules/zone.js/dist/zone.js:388:26)
    at ProxyZoneSpec.Object.<anonymous>.ProxyZoneSpec.onInvoke (/Users/Joao/Programs/angular-test/node_modules/zone.js/dist/proxy.js:128:39)
    at ZoneDelegate.Object.<anonymous>.ZoneDelegate.invoke (/Users/Joao/Programs/angular-test/node_modules/zone.js/dist/zone.js:387:32)
    at Zone.Object.<anonymous>.Zone.run (/Users/Joao/Programs/angular-test/node_modules/zone.js/dist/zone.js:138:43)
    at Object.testBody.length (/Users/Joao/Programs/angular-test/node_modules/jest-zone-patch/index.js:50:27)
    at Object.asyncFn (/Users/Joao/Programs/angular-test/node_modules/jest-jasmine2/build/jasmine_async.js:82:37)
    at e (/Users/Joao/Programs/angular-test/node_modules/jest-jasmine2/build/queue_runner.js:52:12)
    at mapper (/Users/Joao/Programs/angular-test/node_modules/jest-jasmine2/build/queue_runner.js:39:19)
    at promise.then (/Users/Joao/Programs/angular-test/node_modules/jest-jasmine2/build/queue_runner.js:73:82)]]></failure>
    </testCase>
    <testCase name="FormComponent name should be required" duration="48">
      <failure message="Error: StaticInjectorError(DynamicTestModule)[FormComponent -&gt; FormService]: "><![CDATA[Error: StaticInjectorError(DynamicTestModule)[FormComponent -> FormService]: 
  StaticInjectorError(Platform: core)[FormComponent -> FormService]: 
    NullInjectorError: No provider for FormService!
    at _NullInjector.Object.<anonymous>._NullInjector.get (/Users/Joao/Programs/angular-test/node_modules/packages/core/esm5/src/di/injector.js:39:6)
    at resolveToken (/Users/Joao/Programs/angular-test/node_modules/@angular/core/bundles/core.umd.js:1339:24)
    at tryResolveToken (/Users/Joao/Programs/angular-test/node_modules/packages/core/esm5/src/di/injector.js:350:14)
    at StaticInjector.Object.<anonymous>.StaticInjector.get (/Users/Joao/Programs/angular-test/node_modules/packages/core/esm5/src/di/injector.js:185:17)
    at resolveToken (/Users/Joao/Programs/angular-test/node_modules/@angular/core/bundles/core.umd.js:1339:24)
    at tryResolveToken (/Users/Joao/Programs/angular-test/node_modules/packages/core/esm5/src/di/injector.js:350:14)
    at StaticInjector.Object.<anonymous>.StaticInjector.get (/Users/Joao/Programs/angular-test/node_modules/packages/core/esm5/src/di/injector.js:185:17)
    at resolveNgModuleDep (/Users/Joao/Programs/angular-test/node_modules/@angular/core/bundles/core.umd.js:10934:25)
    at NgModuleRef_.Object.<anonymous>.NgModuleRef_.get (/Users/Joao/Programs/angular-test/node_modules/@angular/core/bundles/core.umd.js:12167:16)
    at resolveDep (/Users/Joao/Programs/angular-test/node_modules/@angular/core/bundles/core.umd.js:12657:45)
    at createClass (/Users/Joao/Programs/angular-test/node_modules/packages/core/esm5/src/view/provider.js:326:60)
    at createDirectiveInstance (/Users/Joao/Programs/angular-test/node_modules/packages/core/esm5/src/view/provider.js:169:37)
    at createViewNodes (/Users/Joao/Programs/angular-test/node_modules/packages/core/esm5/src/view/view.js:331:49)
    at createRootView (/Users/Joao/Programs/angular-test/node_modules/@angular/core/bundles/core.umd.js:13711:5)
    at callWithDebugContext (/Users/Joao/Programs/angular-test/node_modules/packages/core/esm5/src/view/services.js:864:6)
    at Object.debugCreateRootView [as createRootView] (/Users/Joao/Programs/angular-test/node_modules/@angular/core/bundles/core.umd.js:14419:12)
    at ComponentFactory_.Object.<anonymous>.ComponentFactory_.create (/Users/Joao/Programs/angular-test/node_modules/packages/core/esm5/src/view/refs.js:121:44)
    at initComponent (/Users/Joao/Programs/angular-test/node_modules/packages/core/esm5/testing/src/test_bed.js:569:24)
    at ZoneDelegate.Object.<anonymous>.ZoneDelegate.invoke (/Users/Joao/Programs/angular-test/node_modules/zone.js/dist/zone.js:388:26)
    at ProxyZoneSpec.Object.<anonymous>.ProxyZoneSpec.onInvoke (/Users/Joao/Programs/angular-test/node_modules/zone.js/dist/proxy.js:128:39)
    at ZoneDelegate.Object.<anonymous>.ZoneDelegate.invoke (/Users/Joao/Programs/angular-test/node_modules/zone.js/dist/zone.js:387:32)
    at Object.onInvoke (/Users/Joao/Programs/angular-test/node_modules/packages/core/esm5/src/zone/ng_zone.js:594:10)
    at ZoneDelegate.Object.<anonymous>.ZoneDelegate.invoke (/Users/Joao/Programs/angular-test/node_modules/zone.js/dist/zone.js:387:32)
    at Zone.Object.<anonymous>.Zone.run (/Users/Joao/Programs/angular-test/node_modules/zone.js/dist/zone.js:138:43)
    at NgZone.Object.<anonymous>.NgZone.run (/Users/Joao/Programs/angular-test/node_modules/@angular/core/bundles/core.umd.js:4615:69)
    at TestBed.Object.<anonymous>.TestBed.createComponent (/Users/Joao/Programs/angular-test/node_modules/packages/core/esm5/testing/src/test_bed.js:572:6)
    at Function.Object.<anonymous>.TestBed.createComponent (/Users/Joao/Programs/angular-test/node_modules/@angular/core/bundles/core-testing.umd.js:871:29)
    at /Users/Joao/Programs/angular-test/src/app/form/pages/form/form.component.spec.ts:21:23
    at ZoneDelegate.Object.<anonymous>.ZoneDelegate.invoke (/Users/Joao/Programs/angular-test/node_modules/zone.js/dist/zone.js:388:26)
    at ProxyZoneSpec.Object.<anonymous>.ProxyZoneSpec.onInvoke (/Users/Joao/Programs/angular-test/node_modules/zone.js/dist/proxy.js:128:39)
    at ZoneDelegate.Object.<anonymous>.ZoneDelegate.invoke (/Users/Joao/Programs/angular-test/node_modules/zone.js/dist/zone.js:387:32)
    at Zone.Object.<anonymous>.Zone.run (/Users/Joao/Programs/angular-test/node_modules/zone.js/dist/zone.js:138:43)
    at Object.testBody.length (/Users/Joao/Programs/angular-test/node_modules/jest-zone-patch/index.js:50:27)
    at Object.asyncFn (/Users/Joao/Programs/angular-test/node_modules/jest-jasmine2/build/jasmine_async.js:51:37)
    at e (/Users/Joao/Programs/angular-test/node_modules/jest-jasmine2/build/queue_runner.js:52:12)
    at mapper (/Users/Joao/Programs/angular-test/node_modules/jest-jasmine2/build/queue_runner.js:39:19)
    at promise.then (/Users/Joao/Programs/angular-test/node_modules/jest-jasmine2/build/queue_runner.js:73:82)]]></failure>
      <failure message="TypeError: Cannot read property &apos;form&apos; of undefined"><![CDATA[TypeError: Cannot read property 'form' of undefined
    at /Users/Joao/Programs/angular-test/src/app/form/pages/form/form.component.spec.ts:31:18
    at ZoneDelegate.Object.<anonymous>.ZoneDelegate.invoke (/Users/Joao/Programs/angular-test/node_modules/zone.js/dist/zone.js:388:26)
    at ProxyZoneSpec.Object.<anonymous>.ProxyZoneSpec.onInvoke (/Users/Joao/Programs/angular-test/node_modules/zone.js/dist/proxy.js:128:39)
    at ZoneDelegate.Object.<anonymous>.ZoneDelegate.invoke (/Users/Joao/Programs/angular-test/node_modules/zone.js/dist/zone.js:387:32)
    at Zone.Object.<anonymous>.Zone.run (/Users/Joao/Programs/angular-test/node_modules/zone.js/dist/zone.js:138:43)
    at Object.testBody.length (/Users/Joao/Programs/angular-test/node_modules/jest-zone-patch/index.js:50:27)
    at Object.asyncFn (/Users/Joao/Programs/angular-test/node_modules/jest-jasmine2/build/jasmine_async.js:82:37)
    at e (/Users/Joao/Programs/angular-test/node_modules/jest-jasmine2/build/queue_runner.js:52:12)
    at mapper (/Users/Joao/Programs/angular-test/node_modules/jest-jasmine2/build/queue_runner.js:39:19)
    at promise.then (/Users/Joao/Programs/angular-test/node_modules/jest-jasmine2/build/queue_runner.js:73:82)]]></failure>
    </testCase>
  </file>
  <file path="/Users/Joao/Programs/angular-test/src/app/app.component.spec.ts">
    <testCase name="AppComponent should create the app" duration="607">
      <failure message="Error: Template parse errors:"><![CDATA[Error: Template parse errors:
'router-outlet' is not a known element:
1. If 'router-outlet' is an Angular component, then verify that it is part of this module.
2. If 'router-outlet' is a Web Component then add 'CUSTOM_ELEMENTS_SCHEMA' to the '@NgModule.schemas' of this component to suppress this message. ("<h1>Angular Tests</h1>
[ERROR ->]<router-outlet></router-outlet>
"): ng:///DynamicTestModule/AppComponent.html@1:0
    at Error (native)
    at syntaxError (/Users/Joao/Programs/angular-test/node_modules/packages/compiler/esm5/src/util.js:183:2)
    at TemplateParser.Object.<anonymous>.TemplateParser.parse (/Users/Joao/Programs/angular-test/node_modules/@angular/compiler/bundles/compiler.umd.js:24717:19)
    at JitCompiler.Object.<anonymous>.JitCompiler._parseTemplate (/Users/Joao/Programs/angular-test/node_modules/@angular/compiler/bundles/compiler.umd.js:34672:37)
    at JitCompiler.Object.<anonymous>.JitCompiler._compileTemplate (/Users/Joao/Programs/angular-test/node_modules/packages/compiler/esm5/src/jit/compiler.js:425:18)
    at /Users/Joao/Programs/angular-test/node_modules/@angular/compiler/bundles/compiler.umd.js:34548:62
    at Set.forEach (native)
    at JitCompiler.Object.<anonymous>.JitCompiler._compileComponents (/Users/Joao/Programs/angular-test/node_modules/@angular/compiler/bundles/compiler.umd.js:34548:19)
    at /Users/Joao/Programs/angular-test/node_modules/packages/compiler/esm5/src/jit/compiler.js:214:12
    at Object.then (/Users/Joao/Programs/angular-test/node_modules/@angular/compiler/bundles/compiler.umd.js:518:77)
    at JitCompiler.Object.<anonymous>.JitCompiler._compileModuleAndAllComponents (/Users/Joao/Programs/angular-test/node_modules/packages/compiler/esm5/src/jit/compiler.js:212:17)
    at JitCompiler.Object.<anonymous>.JitCompiler.compileModuleAndAllComponentsAsync (/Users/Joao/Programs/angular-test/node_modules/@angular/compiler/bundles/compiler.umd.js:34333:37)
    at CompilerImpl.Object.<anonymous>.CompilerImpl.compileModuleAndAllComponentsAsync (/Users/Joao/Programs/angular-test/node_modules/packages/platform-browser-dynamic/esm5/src/compiler_factory.js:107:16)
    at TestingCompilerImpl.Object.<anonymous>.TestingCompilerImpl.compileModuleAndAllComponentsAsync (/Users/Joao/Programs/angular-test/node_modules/@angular/platform-browser-dynamic/bundles/platform-browser-dynamic-testing.umd.js:369:31)
    at TestBed.Object.<anonymous>.TestBed.compileComponents (/Users/Joao/Programs/angular-test/node_modules/packages/core/esm5/testing/src/test_bed.js:387:23)
    at Function.Object.<anonymous>.TestBed.compileComponents (/Users/Joao/Programs/angular-test/node_modules/packages/core/esm5/testing/src/test_bed.js:200:33)
    at /Users/Joao/Programs/angular-test/src/app/app.component.spec.ts:9:8
    at ZoneDelegate.Object.<anonymous>.ZoneDelegate.invoke (/Users/Joao/Programs/angular-test/node_modules/zone.js/dist/zone.js:388:26)
    at AsyncTestZoneSpec.Object.<anonymous>.AsyncTestZoneSpec.onInvoke (/Users/Joao/Programs/angular-test/node_modules/zone.js/dist/async-test.js:106:39)
    at ProxyZoneSpec.Object.<anonymous>.ProxyZoneSpec.onInvoke (/Users/Joao/Programs/angular-test/node_modules/zone.js/dist/proxy.js:125:39)
    at ZoneDelegate.Object.<anonymous>.ZoneDelegate.invoke (/Users/Joao/Programs/angular-test/node_modules/zone.js/dist/zone.js:387:32)
    at Zone.Object.<anonymous>.Zone.runGuarded (/Users/Joao/Programs/angular-test/node_modules/zone.js/dist/zone.js:151:47)
    at runInTestZone (/Users/Joao/Programs/angular-test/node_modules/@angular/core/bundles/core-testing.umd.js:141:25)
    at /Users/Joao/Programs/angular-test/node_modules/@angular/core/bundles/core-testing.umd.js:80:13
    at ZoneDelegate.Object.<anonymous>.ZoneDelegate.invoke (/Users/Joao/Programs/angular-test/node_modules/zone.js/dist/zone.js:388:26)
    at ProxyZoneSpec.Object.<anonymous>.ProxyZoneSpec.onInvoke (/Users/Joao/Programs/angular-test/node_modules/zone.js/dist/proxy.js:128:39)
    at ZoneDelegate.Object.<anonymous>.ZoneDelegate.invoke (/Users/Joao/Programs/angular-test/node_modules/zone.js/dist/zone.js:387:32)
    at Zone.Object.<anonymous>.Zone.run (/Users/Joao/Programs/angular-test/node_modules/zone.js/dist/zone.js:138:43)
    at Object.testBody.length.done (/Users/Joao/Programs/angular-test/node_modules/jest-zone-patch/index.js:51:29)
    at e (/Users/Joao/Programs/angular-test/node_modules/jest-jasmine2/build/queue_runner.js:52:12)
    at mapper (/Users/Joao/Programs/angular-test/node_modules/jest-jasmine2/build/queue_runner.js:39:19)
    at promise.then (/Users/Joao/Programs/angular-test/node_modules/jest-jasmine2/build/queue_runner.js:73:82)]]></failure>
      <failure message="Error: Template parse errors:"><![CDATA[Error: Template parse errors:
'router-outlet' is not a known element:
1. If 'router-outlet' is an Angular component, then verify that it is part of this module.
2. If 'router-outlet' is a Web Component then add 'CUSTOM_ELEMENTS_SCHEMA' to the '@NgModule.schemas' of this component to suppress this message. ("<h1>Angular Tests</h1>
[ERROR ->]<router-outlet></router-outlet>
"): ng:///DynamicTestModule/AppComponent.html@1:0
    at Error (native)
    at syntaxError (/Users/Joao/Programs/angular-test/node_modules/packages/compiler/esm5/src/util.js:183:2)
    at TemplateParser.Object.<anonymous>.TemplateParser.parse (/Users/Joao/Programs/angular-test/node_modules/@angular/compiler/bundles/compiler.umd.js:24717:19)
    at JitCompiler.Object.<anonymous>.JitCompiler._parseTemplate (/Users/Joao/Programs/angular-test/node_modules/@angular/compiler/bundles/compiler.umd.js:34672:37)
    at JitCompiler.Object.<anonymous>.JitCompiler._compileTemplate (/Users/Joao/Programs/angular-test/node_modules/packages/compiler/esm5/src/jit/compiler.js:425:18)
    at /Users/Joao/Programs/angular-test/node_modules/@angular/compiler/bundles/compiler.umd.js:34548:62
    at Set.forEach (native)
    at JitCompiler.Object.<anonymous>.JitCompiler._compileComponents (/Users/Joao/Programs/angular-test/node_modules/@angular/compiler/bundles/compiler.umd.js:34548:19)
    at /Users/Joao/Programs/angular-test/node_modules/packages/compiler/esm5/src/jit/compiler.js:214:12
    at Object.then (/Users/Joao/Programs/angular-test/node_modules/@angular/compiler/bundles/compiler.umd.js:518:77)
    at JitCompiler.Object.<anonymous>.JitCompiler._compileModuleAndAllComponents (/Users/Joao/Programs/angular-test/node_modules/packages/compiler/esm5/src/jit/compiler.js:212:17)
    at JitCompiler.Object.<anonymous>.JitCompiler.compileModuleAndAllComponentsSync (/Users/Joao/Programs/angular-test/node_modules/@angular/compiler/bundles/compiler.umd.js:34322:42)
    at CompilerImpl.Object.<anonymous>.CompilerImpl.compileModuleAndAllComponentsSync (/Users/Joao/Programs/angular-test/node_modules/packages/platform-browser-dynamic/esm5/src/compiler_factory.js:90:7)
    at TestingCompilerImpl.Object.<anonymous>.TestingCompilerImpl.compileModuleAndAllComponentsSync (/Users/Joao/Programs/angular-test/node_modules/@angular/platform-browser-dynamic/bundles/platform-browser-dynamic-testing.umd.js:356:31)
    at TestBed.Object.<anonymous>.TestBed._initIfNeeded (/Users/Joao/Programs/angular-test/node_modules/packages/core/esm5/testing/src/test_bed.js:400:36)
    at TestBed.Object.<anonymous>.TestBed.createComponent (/Users/Joao/Programs/angular-test/node_modules/packages/core/esm5/testing/src/test_bed.js:557:13)
    at Function.Object.<anonymous>.TestBed.createComponent (/Users/Joao/Programs/angular-test/node_modules/@angular/core/bundles/core-testing.umd.js:871:29)
    at /Users/Joao/Programs/angular-test/src/app/app.component.spec.ts:12:29
    at ZoneDelegate.Object.<anonymous>.ZoneDelegate.invoke (/Users/Joao/Programs/angular-test/node_modules/zone.js/dist/zone.js:388:26)
    at AsyncTestZoneSpec.Object.<anonymous>.AsyncTestZoneSpec.onInvoke (/Users/Joao/Programs/angular-test/node_modules/zone.js/dist/async-test.js:106:39)
    at ProxyZoneSpec.Object.<anonymous>.ProxyZoneSpec.onInvoke (/Users/Joao/Programs/angular-test/node_modules/zone.js/dist/proxy.js:125:39)
    at ZoneDelegate.Object.<anonymous>.ZoneDelegate.invoke (/Users/Joao/Programs/angular-test/node_modules/zone.js/dist/zone.js:387:32)
    at Zone.Object.<anonymous>.Zone.runGuarded (/Users/Joao/Programs/angular-test/node_modules/zone.js/dist/zone.js:151:47)
    at runInTestZone (/Users/Joao/Programs/angular-test/node_modules/@angular/core/bundles/core-testing.umd.js:141:25)
    at /Users/Joao/Programs/angular-test/node_modules/@angular/core/bundles/core-testing.umd.js:80:13
    at ZoneDelegate.Object.<anonymous>.ZoneDelegate.invoke (/Users/Joao/Programs/angular-test/node_modules/zone.js/dist/zone.js:388:26)
    at ProxyZoneSpec.Object.<anonymous>.ProxyZoneSpec.onInvoke (/Users/Joao/Programs/angular-test/node_modules/zone.js/dist/proxy.js:128:39)
    at ZoneDelegate.Object.<anonymous>.ZoneDelegate.invoke (/Users/Joao/Programs/angular-test/node_modules/zone.js/dist/zone.js:387:32)
    at Zone.Object.<anonymous>.Zone.run (/Users/Joao/Programs/angular-test/node_modules/zone.js/dist/zone.js:138:43)
    at Object.testBody.length.done (/Users/Joao/Programs/angular-test/node_modules/jest-zone-patch/index.js:51:29)
    at e (/Users/Joao/Programs/angular-test/node_modules/jest-jasmine2/build/queue_runner.js:52:12)
    at mapper (/Users/Joao/Programs/angular-test/node_modules/jest-jasmine2/build/queue_runner.js:39:19)
    at promise.then (/Users/Joao/Programs/angular-test/node_modules/jest-jasmine2/build/queue_runner.js:73:82)]]></failure>
    </testCase>
    <testCase name="AppComponent should have as title &apos;app&apos;" duration="23">
      <failure message="Error: Template parse errors:"><![CDATA[Error: Template parse errors:
'router-outlet' is not a known element:
1. If 'router-outlet' is an Angular component, then verify that it is part of this module.
2. If 'router-outlet' is a Web Component then add 'CUSTOM_ELEMENTS_SCHEMA' to the '@NgModule.schemas' of this component to suppress this message. ("<h1>Angular Tests</h1>
[ERROR ->]<router-outlet></router-outlet>
"): ng:///DynamicTestModule/AppComponent.html@1:0
    at Error (native)
    at syntaxError (/Users/Joao/Programs/angular-test/node_modules/packages/compiler/esm5/src/util.js:183:2)
    at TemplateParser.Object.<anonymous>.TemplateParser.parse (/Users/Joao/Programs/angular-test/node_modules/@angular/compiler/bundles/compiler.umd.js:24717:19)
    at JitCompiler.Object.<anonymous>.JitCompiler._parseTemplate (/Users/Joao/Programs/angular-test/node_modules/@angular/compiler/bundles/compiler.umd.js:34672:37)
    at JitCompiler.Object.<anonymous>.JitCompiler._compileTemplate (/Users/Joao/Programs/angular-test/node_modules/packages/compiler/esm5/src/jit/compiler.js:425:18)
    at /Users/Joao/Programs/angular-test/node_modules/@angular/compiler/bundles/compiler.umd.js:34548:62
    at Set.forEach (native)
    at JitCompiler.Object.<anonymous>.JitCompiler._compileComponents (/Users/Joao/Programs/angular-test/node_modules/@angular/compiler/bundles/compiler.umd.js:34548:19)
    at /Users/Joao/Programs/angular-test/node_modules/packages/compiler/esm5/src/jit/compiler.js:214:12
    at Object.then (/Users/Joao/Programs/angular-test/node_modules/@angular/compiler/bundles/compiler.umd.js:518:77)
    at JitCompiler.Object.<anonymous>.JitCompiler._compileModuleAndAllComponents (/Users/Joao/Programs/angular-test/node_modules/packages/compiler/esm5/src/jit/compiler.js:212:17)
    at JitCompiler.Object.<anonymous>.JitCompiler.compileModuleAndAllComponentsAsync (/Users/Joao/Programs/angular-test/node_modules/@angular/compiler/bundles/compiler.umd.js:34333:37)
    at CompilerImpl.Object.<anonymous>.CompilerImpl.compileModuleAndAllComponentsAsync (/Users/Joao/Programs/angular-test/node_modules/packages/platform-browser-dynamic/esm5/src/compiler_factory.js:107:16)
    at TestingCompilerImpl.Object.<anonymous>.TestingCompilerImpl.compileModuleAndAllComponentsAsync (/Users/Joao/Programs/angular-test/node_modules/@angular/platform-browser-dynamic/bundles/platform-browser-dynamic-testing.umd.js:369:31)
    at TestBed.Object.<anonymous>.TestBed.compileComponents (/Users/Joao/Programs/angular-test/node_modules/packages/core/esm5/testing/src/test_bed.js:387:23)
    at Function.Object.<anonymous>.TestBed.compileComponents (/Users/Joao/Programs/angular-test/node_modules/packages/core/esm5/testing/src/test_bed.js:200:33)
    at /Users/Joao/Programs/angular-test/src/app/app.component.spec.ts:9:8
    at ZoneDelegate.Object.<anonymous>.ZoneDelegate.invoke (/Users/Joao/Programs/angular-test/node_modules/zone.js/dist/zone.js:388:26)
    at AsyncTestZoneSpec.Object.<anonymous>.AsyncTestZoneSpec.onInvoke (/Users/Joao/Programs/angular-test/node_modules/zone.js/dist/async-test.js:106:39)
    at ProxyZoneSpec.Object.<anonymous>.ProxyZoneSpec.onInvoke (/Users/Joao/Programs/angular-test/node_modules/zone.js/dist/proxy.js:125:39)
    at ZoneDelegate.Object.<anonymous>.ZoneDelegate.invoke (/Users/Joao/Programs/angular-test/node_modules/zone.js/dist/zone.js:387:32)
    at Zone.Object.<anonymous>.Zone.runGuarded (/Users/Joao/Programs/angular-test/node_modules/zone.js/dist/zone.js:151:47)
    at runInTestZone (/Users/Joao/Programs/angular-test/node_modules/@angular/core/bundles/core-testing.umd.js:141:25)
    at /Users/Joao/Programs/angular-test/node_modules/@angular/core/bundles/core-testing.umd.js:80:13
    at ZoneDelegate.Object.<anonymous>.ZoneDelegate.invoke (/Users/Joao/Programs/angular-test/node_modules/zone.js/dist/zone.js:388:26)
    at ProxyZoneSpec.Object.<anonymous>.ProxyZoneSpec.onInvoke (/Users/Joao/Programs/angular-test/node_modules/zone.js/dist/proxy.js:128:39)
    at ZoneDelegate.Object.<anonymous>.ZoneDelegate.invoke (/Users/Joao/Programs/angular-test/node_modules/zone.js/dist/zone.js:387:32)
    at Zone.Object.<anonymous>.Zone.run (/Users/Joao/Programs/angular-test/node_modules/zone.js/dist/zone.js:138:43)
    at Object.testBody.length.done (/Users/Joao/Programs/angular-test/node_modules/jest-zone-patch/index.js:51:29)
    at e (/Users/Joao/Programs/angular-test/node_modules/jest-jasmine2/build/queue_runner.js:52:12)
    at mapper (/Users/Joao/Programs/angular-test/node_modules/jest-jasmine2/build/queue_runner.js:39:19)
    at promise.then (/Users/Joao/Programs/angular-test/node_modules/jest-jasmine2/build/queue_runner.js:73:82)]]></failure>
      <failure message="Error: Template parse errors:"><![CDATA[Error: Template parse errors:
'router-outlet' is not a known element:
1. If 'router-outlet' is an Angular component, then verify that it is part of this module.
2. If 'router-outlet' is a Web Component then add 'CUSTOM_ELEMENTS_SCHEMA' to the '@NgModule.schemas' of this component to suppress this message. ("<h1>Angular Tests</h1>
[ERROR ->]<router-outlet></router-outlet>
"): ng:///DynamicTestModule/AppComponent.html@1:0
    at Error (native)
    at syntaxError (/Users/Joao/Programs/angular-test/node_modules/packages/compiler/esm5/src/util.js:183:2)
    at TemplateParser.Object.<anonymous>.TemplateParser.parse (/Users/Joao/Programs/angular-test/node_modules/@angular/compiler/bundles/compiler.umd.js:24717:19)
    at JitCompiler.Object.<anonymous>.JitCompiler._parseTemplate (/Users/Joao/Programs/angular-test/node_modules/@angular/compiler/bundles/compiler.umd.js:34672:37)
    at JitCompiler.Object.<anonymous>.JitCompiler._compileTemplate (/Users/Joao/Programs/angular-test/node_modules/packages/compiler/esm5/src/jit/compiler.js:425:18)
    at /Users/Joao/Programs/angular-test/node_modules/@angular/compiler/bundles/compiler.umd.js:34548:62
    at Set.forEach (native)
    at JitCompiler.Object.<anonymous>.JitCompiler._compileComponents (/Users/Joao/Programs/angular-test/node_modules/@angular/compiler/bundles/compiler.umd.js:34548:19)
    at /Users/Joao/Programs/angular-test/node_modules/packages/compiler/esm5/src/jit/compiler.js:214:12
    at Object.then (/Users/Joao/Programs/angular-test/node_modules/@angular/compiler/bundles/compiler.umd.js:518:77)
    at JitCompiler.Object.<anonymous>.JitCompiler._compileModuleAndAllComponents (/Users/Joao/Programs/angular-test/node_modules/packages/compiler/esm5/src/jit/compiler.js:212:17)
    at JitCompiler.Object.<anonymous>.JitCompiler.compileModuleAndAllComponentsSync (/Users/Joao/Programs/angular-test/node_modules/@angular/compiler/bundles/compiler.umd.js:34322:42)
    at CompilerImpl.Object.<anonymous>.CompilerImpl.compileModuleAndAllComponentsSync (/Users/Joao/Programs/angular-test/node_modules/packages/platform-browser-dynamic/esm5/src/compiler_factory.js:90:7)
    at TestingCompilerImpl.Object.<anonymous>.TestingCompilerImpl.compileModuleAndAllComponentsSync (/Users/Joao/Programs/angular-test/node_modules/@angular/platform-browser-dynamic/bundles/platform-browser-dynamic-testing.umd.js:356:31)
    at TestBed.Object.<anonymous>.TestBed._initIfNeeded (/Users/Joao/Programs/angular-test/node_modules/packages/core/esm5/testing/src/test_bed.js:400:36)
    at TestBed.Object.<anonymous>.TestBed.createComponent (/Users/Joao/Programs/angular-test/node_modules/packages/core/esm5/testing/src/test_bed.js:557:13)
    at Function.Object.<anonymous>.TestBed.createComponent (/Users/Joao/Programs/angular-test/node_modules/@angular/core/bundles/core-testing.umd.js:871:29)
    at /Users/Joao/Programs/angular-test/src/app/app.component.spec.ts:17:29
    at ZoneDelegate.Object.<anonymous>.ZoneDelegate.invoke (/Users/Joao/Programs/angular-test/node_modules/zone.js/dist/zone.js:388:26)
    at AsyncTestZoneSpec.Object.<anonymous>.AsyncTestZoneSpec.onInvoke (/Users/Joao/Programs/angular-test/node_modules/zone.js/dist/async-test.js:106:39)
    at ProxyZoneSpec.Object.<anonymous>.ProxyZoneSpec.onInvoke (/Users/Joao/Programs/angular-test/node_modules/zone.js/dist/proxy.js:125:39)
    at ZoneDelegate.Object.<anonymous>.ZoneDelegate.invoke (/Users/Joao/Programs/angular-test/node_modules/zone.js/dist/zone.js:387:32)
    at Zone.Object.<anonymous>.Zone.runGuarded (/Users/Joao/Programs/angular-test/node_modules/zone.js/dist/zone.js:151:47)
    at runInTestZone (/Users/Joao/Programs/angular-test/node_modules/@angular/core/bundles/core-testing.umd.js:141:25)
    at /Users/Joao/Programs/angular-test/node_modules/@angular/core/bundles/core-testing.umd.js:80:13
    at ZoneDelegate.Object.<anonymous>.ZoneDelegate.invoke (/Users/Joao/Programs/angular-test/node_modules/zone.js/dist/zone.js:388:26)
    at ProxyZoneSpec.Object.<anonymous>.ProxyZoneSpec.onInvoke (/Users/Joao/Programs/angular-test/node_modules/zone.js/dist/proxy.js:128:39)
    at ZoneDelegate.Object.<anonymous>.ZoneDelegate.invoke (/Users/Joao/Programs/angular-test/node_modules/zone.js/dist/zone.js:387:32)
    at Zone.Object.<anonymous>.Zone.run (/Users/Joao/Programs/angular-test/node_modules/zone.js/dist/zone.js:138:43)
    at Object.testBody.length.done (/Users/Joao/Programs/angular-test/node_modules/jest-zone-patch/index.js:51:29)
    at e (/Users/Joao/Programs/angular-test/node_modules/jest-jasmine2/build/queue_runner.js:52:12)
    at mapper (/Users/Joao/Programs/angular-test/node_modules/jest-jasmine2/build/queue_runner.js:39:19)
    at promise.then (/Users/Joao/Programs/angular-test/node_modules/jest-jasmine2/build/queue_runner.js:73:82)]]></failure>
    </testCase>
    <testCase name="AppComponent should render title in a h1 tag" duration="20">
      <failure message="Error: Template parse errors:"><![CDATA[Error: Template parse errors:
'router-outlet' is not a known element:
1. If 'router-outlet' is an Angular component, then verify that it is part of this module.
2. If 'router-outlet' is a Web Component then add 'CUSTOM_ELEMENTS_SCHEMA' to the '@NgModule.schemas' of this component to suppress this message. ("<h1>Angular Tests</h1>
[ERROR ->]<router-outlet></router-outlet>
"): ng:///DynamicTestModule/AppComponent.html@1:0
    at Error (native)
    at syntaxError (/Users/Joao/Programs/angular-test/node_modules/packages/compiler/esm5/src/util.js:183:2)
    at TemplateParser.Object.<anonymous>.TemplateParser.parse (/Users/Joao/Programs/angular-test/node_modules/@angular/compiler/bundles/compiler.umd.js:24717:19)
    at JitCompiler.Object.<anonymous>.JitCompiler._parseTemplate (/Users/Joao/Programs/angular-test/node_modules/@angular/compiler/bundles/compiler.umd.js:34672:37)
    at JitCompiler.Object.<anonymous>.JitCompiler._compileTemplate (/Users/Joao/Programs/angular-test/node_modules/packages/compiler/esm5/src/jit/compiler.js:425:18)
    at /Users/Joao/Programs/angular-test/node_modules/@angular/compiler/bundles/compiler.umd.js:34548:62
    at Set.forEach (native)
    at JitCompiler.Object.<anonymous>.JitCompiler._compileComponents (/Users/Joao/Programs/angular-test/node_modules/@angular/compiler/bundles/compiler.umd.js:34548:19)
    at /Users/Joao/Programs/angular-test/node_modules/packages/compiler/esm5/src/jit/compiler.js:214:12
    at Object.then (/Users/Joao/Programs/angular-test/node_modules/@angular/compiler/bundles/compiler.umd.js:518:77)
    at JitCompiler.Object.<anonymous>.JitCompiler._compileModuleAndAllComponents (/Users/Joao/Programs/angular-test/node_modules/packages/compiler/esm5/src/jit/compiler.js:212:17)
    at JitCompiler.Object.<anonymous>.JitCompiler.compileModuleAndAllComponentsAsync (/Users/Joao/Programs/angular-test/node_modules/@angular/compiler/bundles/compiler.umd.js:34333:37)
    at CompilerImpl.Object.<anonymous>.CompilerImpl.compileModuleAndAllComponentsAsync (/Users/Joao/Programs/angular-test/node_modules/packages/platform-browser-dynamic/esm5/src/compiler_factory.js:107:16)
    at TestingCompilerImpl.Object.<anonymous>.TestingCompilerImpl.compileModuleAndAllComponentsAsync (/Users/Joao/Programs/angular-test/node_modules/@angular/platform-browser-dynamic/bundles/platform-browser-dynamic-testing.umd.js:369:31)
    at TestBed.Object.<anonymous>.TestBed.compileComponents (/Users/Joao/Programs/angular-test/node_modules/packages/core/esm5/testing/src/test_bed.js:387:23)
    at Function.Object.<anonymous>.TestBed.compileComponents (/Users/Joao/Programs/angular-test/node_modules/packages/core/esm5/testing/src/test_bed.js:200:33)
    at /Users/Joao/Programs/angular-test/src/app/app.component.spec.ts:9:8
    at ZoneDelegate.Object.<anonymous>.ZoneDelegate.invoke (/Users/Joao/Programs/angular-test/node_modules/zone.js/dist/zone.js:388:26)
    at AsyncTestZoneSpec.Object.<anonymous>.AsyncTestZoneSpec.onInvoke (/Users/Joao/Programs/angular-test/node_modules/zone.js/dist/async-test.js:106:39)
    at ProxyZoneSpec.Object.<anonymous>.ProxyZoneSpec.onInvoke (/Users/Joao/Programs/angular-test/node_modules/zone.js/dist/proxy.js:125:39)
    at ZoneDelegate.Object.<anonymous>.ZoneDelegate.invoke (/Users/Joao/Programs/angular-test/node_modules/zone.js/dist/zone.js:387:32)
    at Zone.Object.<anonymous>.Zone.runGuarded (/Users/Joao/Programs/angular-test/node_modules/zone.js/dist/zone.js:151:47)
    at runInTestZone (/Users/Joao/Programs/angular-test/node_modules/@angular/core/bundles/core-testing.umd.js:141:25)
    at /Users/Joao/Programs/angular-test/node_modules/@angular/core/bundles/core-testing.umd.js:80:13
    at ZoneDelegate.Object.<anonymous>.ZoneDelegate.invoke (/Users/Joao/Programs/angular-test/node_modules/zone.js/dist/zone.js:388:26)
    at ProxyZoneSpec.Object.<anonymous>.ProxyZoneSpec.onInvoke (/Users/Joao/Programs/angular-test/node_modules/zone.js/dist/proxy.js:128:39)
    at ZoneDelegate.Object.<anonymous>.ZoneDelegate.invoke (/Users/Joao/Programs/angular-test/node_modules/zone.js/dist/zone.js:387:32)
    at Zone.Object.<anonymous>.Zone.run (/Users/Joao/Programs/angular-test/node_modules/zone.js/dist/zone.js:138:43)
    at Object.testBody.length.done (/Users/Joao/Programs/angular-test/node_modules/jest-zone-patch/index.js:51:29)
    at e (/Users/Joao/Programs/angular-test/node_modules/jest-jasmine2/build/queue_runner.js:52:12)
    at mapper (/Users/Joao/Programs/angular-test/node_modules/jest-jasmine2/build/queue_runner.js:39:19)
    at promise.then (/Users/Joao/Programs/angular-test/node_modules/jest-jasmine2/build/queue_runner.js:73:82)]]></failure>
      <failure message="Error: Template parse errors:"><![CDATA[Error: Template parse errors:
'router-outlet' is not a known element:
1. If 'router-outlet' is an Angular component, then verify that it is part of this module.
2. If 'router-outlet' is a Web Component then add 'CUSTOM_ELEMENTS_SCHEMA' to the '@NgModule.schemas' of this component to suppress this message. ("<h1>Angular Tests</h1>
[ERROR ->]<router-outlet></router-outlet>
"): ng:///DynamicTestModule/AppComponent.html@1:0
    at Error (native)
    at syntaxError (/Users/Joao/Programs/angular-test/node_modules/packages/compiler/esm5/src/util.js:183:2)
    at TemplateParser.Object.<anonymous>.TemplateParser.parse (/Users/Joao/Programs/angular-test/node_modules/@angular/compiler/bundles/compiler.umd.js:24717:19)
    at JitCompiler.Object.<anonymous>.JitCompiler._parseTemplate (/Users/Joao/Programs/angular-test/node_modules/@angular/compiler/bundles/compiler.umd.js:34672:37)
    at JitCompiler.Object.<anonymous>.JitCompiler._compileTemplate (/Users/Joao/Programs/angular-test/node_modules/packages/compiler/esm5/src/jit/compiler.js:425:18)
    at /Users/Joao/Programs/angular-test/node_modules/@angular/compiler/bundles/compiler.umd.js:34548:62
    at Set.forEach (native)
    at JitCompiler.Object.<anonymous>.JitCompiler._compileComponents (/Users/Joao/Programs/angular-test/node_modules/@angular/compiler/bundles/compiler.umd.js:34548:19)
    at /Users/Joao/Programs/angular-test/node_modules/packages/compiler/esm5/src/jit/compiler.js:214:12
    at Object.then (/Users/Joao/Programs/angular-test/node_modules/@angular/compiler/bundles/compiler.umd.js:518:77)
    at JitCompiler.Object.<anonymous>.JitCompiler._compileModuleAndAllComponents (/Users/Joao/Programs/angular-test/node_modules/packages/compiler/esm5/src/jit/compiler.js:212:17)
    at JitCompiler.Object.<anonymous>.JitCompiler.compileModuleAndAllComponentsSync (/Users/Joao/Programs/angular-test/node_modules/@angular/compiler/bundles/compiler.umd.js:34322:42)
    at CompilerImpl.Object.<anonymous>.CompilerImpl.compileModuleAndAllComponentsSync (/Users/Joao/Programs/angular-test/node_modules/packages/platform-browser-dynamic/esm5/src/compiler_factory.js:90:7)
    at TestingCompilerImpl.Object.<anonymous>.TestingCompilerImpl.compileModuleAndAllComponentsSync (/Users/Joao/Programs/angular-test/node_modules/@angular/platform-browser-dynamic/bundles/platform-browser-dynamic-testing.umd.js:356:31)
    at TestBed.Object.<anonymous>.TestBed._initIfNeeded (/Users/Joao/Programs/angular-test/node_modules/packages/core/esm5/testing/src/test_bed.js:400:36)
    at TestBed.Object.<anonymous>.TestBed.createComponent (/Users/Joao/Programs/angular-test/node_modules/packages/core/esm5/testing/src/test_bed.js:557:13)
    at Function.Object.<anonymous>.TestBed.createComponent (/Users/Joao/Programs/angular-test/node_modules/@angular/core/bundles/core-testing.umd.js:871:29)
    at /Users/Joao/Programs/angular-test/src/app/app.component.spec.ts:22:29
    at ZoneDelegate.Object.<anonymous>.ZoneDelegate.invoke (/Users/Joao/Programs/angular-test/node_modules/zone.js/dist/zone.js:388:26)
    at AsyncTestZoneSpec.Object.<anonymous>.AsyncTestZoneSpec.onInvoke (/Users/Joao/Programs/angular-test/node_modules/zone.js/dist/async-test.js:106:39)
    at ProxyZoneSpec.Object.<anonymous>.ProxyZoneSpec.onInvoke (/Users/Joao/Programs/angular-test/node_modules/zone.js/dist/proxy.js:125:39)
    at ZoneDelegate.Object.<anonymous>.ZoneDelegate.invoke (/Users/Joao/Programs/angular-test/node_modules/zone.js/dist/zone.js:387:32)
    at Zone.Object.<anonymous>.Zone.runGuarded (/Users/Joao/Programs/angular-test/node_modules/zone.js/dist/zone.js:151:47)
    at runInTestZone (/Users/Joao/Programs/angular-test/node_modules/@angular/core/bundles/core-testing.umd.js:141:25)
    at /Users/Joao/Programs/angular-test/node_modules/@angular/core/bundles/core-testing.umd.js:80:13
    at ZoneDelegate.Object.<anonymous>.ZoneDelegate.invoke (/Users/Joao/Programs/angular-test/node_modules/zone.js/dist/zone.js:388:26)
    at ProxyZoneSpec.Object.<anonymous>.ProxyZoneSpec.onInvoke (/Users/Joao/Programs/angular-test/node_modules/zone.js/dist/proxy.js:128:39)
    at ZoneDelegate.Object.<anonymous>.ZoneDelegate.invoke (/Users/Joao/Programs/angular-test/node_modules/zone.js/dist/zone.js:387:32)
    at Zone.Object.<anonymous>.Zone.run (/Users/Joao/Programs/angular-test/node_modules/zone.js/dist/zone.js:138:43)
    at Object.testBody.length.done (/Users/Joao/Programs/angular-test/node_modules/jest-zone-patch/index.js:51:29)
    at e (/Users/Joao/Programs/angular-test/node_modules/jest-jasmine2/build/queue_runner.js:52:12)
    at mapper (/Users/Joao/Programs/angular-test/node_modules/jest-jasmine2/build/queue_runner.js:39:19)
    at promise.then (/Users/Joao/Programs/angular-test/node_modules/jest-jasmine2/build/queue_runner.js:73:82)]]></failure>
    </testCase>
  </file>
  <file path="/Users/Joao/Programs/angular-test/src/app/list/pages/list/list.component.spec.ts">
    <testCase name="ListComponent should create" duration="63"/>
  </file>
  <file path="/Users/Joao/Programs/angular-test/src/app/form/service/form.service.spec.ts">
    <testCase name="FormService should be created" duration="34"/>
  </file>
  <file path="/Users/Joao/Programs/angular-test/src/app/shared/basic-validators.spec.ts">
    <testCase name="BasicValidators required should return null if the control is not empty" duration="3"/>
    <testCase name="BasicValidators required should return null if the control is false" duration="0"/>
    <testCase name="BasicValidators required should return null if the control is 0" duration="0"/>
    <testCase name="BasicValidators required should return invalid if the control is null" duration="2"/>
    <testCase name="BasicValidators required should return invalid if the control is empty" duration="0"/>
  </file>
</testExecutions>